<?xml version="1.0" encoding="UTF-8"?>
<!-- Generated by org.testng.reporters.JUnitReportReporter -->
<testsuite hostname="SK-Laptop" failures="0" tests="2" name="Apple" time="22.914" errors="0" timestamp="25 Jul 2019 14:14:09 GMT">
  <testcase classname="Apple" name="checkLogo" time="10.516"/>
  <testcase classname="Apple" name="checkTitle" time="12.398"/>
</testsuite> <!-- Apple -->
