<?xml version="1.0" encoding="UTF-8"?>
<!-- Generated by org.testng.reporters.JUnitReportReporter -->
<testsuite hostname="SK-Laptop" failures="0" tests="2" name="Apple" time="16.092" errors="0" timestamp="26 Jul 2019 14:14:26 GMT">
  <testcase classname="Apple" name="checkLogo" time="8.232"/>
  <testcase classname="Apple" name="checkTitle" time="7.860"/>
</testsuite> <!-- Apple -->
