<?xml version="1.0" encoding="UTF-8"?>
<!-- Generated by org.testng.reporters.JUnitReportReporter -->
<testsuite hostname="SK-Laptop" failures="0" tests="6" name="TestClass" time="0.696" errors="0" timestamp="23 Jul 2019 17:52:09 GMT">
  <testcase classname="TestClass" name="Test_method1" time="0.174"/>
  <testcase classname="TestClass" name="Test_method2" time="0.000"/>
  <testcase classname="TestClass" name="Test_method3" time="0.000"/>
  <testcase classname="TestClass" name="Test_method1" time="0.174"/>
  <testcase classname="TestClass" name="Test_method1" time="0.174"/>
  <testcase classname="TestClass" name="Test_method1" time="0.174"/>
</testsuite> <!-- TestClass -->
