<?xml version="1.0" encoding="UTF-8"?>
<!-- Generated by org.testng.reporters.JUnitReportReporter -->
<testsuite hostname="SK-Laptop" failures="0" tests="6" name="TestClass" time="0.801" errors="0" timestamp="26 Jul 2019 14:11:22 GMT">
  <testcase classname="TestClass" name="Test_method1" time="0.196"/>
  <testcase classname="TestClass" name="Test_method1" time="0.196"/>
  <testcase classname="TestClass" name="Test_method3" time="0.015"/>
  <testcase classname="TestClass" name="Test_method1" time="0.197"/>
  <testcase classname="TestClass" name="Test_method1" time="0.197"/>
  <testcase classname="TestClass" name="Test_method2" time="0.000"/>
</testsuite> <!-- TestClass -->
