<?xml version="1.0" encoding="UTF-8"?>
<!-- Generated by org.testng.reporters.JUnitReportReporter -->
<testsuite hostname="SK-Laptop" failures="0" tests="2" name="Apple" time="38.285" errors="0" timestamp="25 Jul 2019 13:40:25 GMT">
  <testcase classname="Apple" name="checkTitle" time="11.871"/>
  <testcase classname="Apple" name="checkLogo" time="26.414"/>
</testsuite> <!-- Apple -->
