<?xml version="1.0" encoding="UTF-8"?>
<!-- Generated by org.testng.reporters.JUnitReportReporter -->
<testsuite hostname="SK-Laptop" failures="0" tests="6" name="TestClass" time="0.945" errors="0" timestamp="26 Jul 2019 13:21:28 GMT">
  <testcase classname="TestClass" name="Test_method1" time="0.235"/>
  <testcase classname="TestClass" name="Test_method1" time="0.235"/>
  <testcase classname="TestClass" name="Test_method1" time="0.235"/>
  <testcase classname="TestClass" name="Test_method1" time="0.235"/>
  <testcase classname="TestClass" name="Test_method2" time="0.003"/>
  <testcase classname="TestClass" name="Test_method3" time="0.002"/>
</testsuite> <!-- TestClass -->
