<?xml version="1.0" encoding="UTF-8"?>
<!-- Generated by org.testng.reporters.JUnitReportReporter -->
<testsuite hostname="SK-Laptop" failures="0" tests="1" name="DOU" time="10.417" errors="0" timestamp="26 Jul 2019 14:10:36 GMT">
  <testcase classname="DOU" name="checkSalary" time="10.417"/>
</testsuite> <!-- DOU -->
